2026-04-28 00:51:35 - Starting ReviewsApplication using Java 25.0.2 with PID 191208 (C:\Users\orlan\Documents\GitHub\proyecto-aplicacion-reserva-hotelera\backend-springboot-aplicacion-web-reserva-hotelera\reviews\target\classes started by orlan in C:\Users\orlan\Documents\GitHub\proyecto-aplicacion-reserva-hotelera\backend-springboot-aplicacion-web-reserva-hotelera\reviews)
2026-04-28 00:51:35 - No active profile set, falling back to 1 default profile: "default"
2026-04-28 00:51:35 - Bootstrapping Spring Data JPA repositories in DEFAULT mode.
2026-04-28 00:51:35 - Finished Spring Data repository scanning in 1 ms. Found 0 JPA repository interfaces.
2026-04-28 00:51:35 - Tomcat initialized with port 8081 (http)
2026-04-28 00:51:35 - Starting service [Tomcat]
2026-04-28 00:51:35 - Starting Servlet engine: [Apache Tomcat/11.0.21]
2026-04-28 00:51:35 - Root WebApplicationContext: initialization completed in 220 ms
2026-04-28 00:51:36 - HHH008540: Processing PersistenceUnitInfo [name: default]
2026-04-28 00:51:36 - No LoadTimeWeaver setup: ignoring JPA class transformer
2026-04-28 00:51:36 - HikariPool-3 - Starting...
2026-04-28 00:51:36 - HikariPool-3 - Added connection com.mysql.cj.jdbc.ConnectionImpl@6a4e22f2
2026-04-28 00:51:36 - HikariPool-3 - Start completed.
2026-04-28 00:51:36 - HHH10001005: Database info:
	Database JDBC URL [jdbc:mysql://localhost/db_hotelsbook?useSSL=false&useLegacyDatetimeCode=false&serverTimezone=UTC]
	Database driver: MySQL Connector/J
	Database dialect: MySQLDialect
	Database version: 9.5
	Default catalog/schema: db_hotelsbook/undefined
	Autocommit mode: undefined/unknown
	Isolation level: REPEATABLE_READ [default REPEATABLE_READ]
	JDBC fetch size: none
	Pool: DataSourceConnectionProvider
	Minimum pool size: undefined/unknown
	Maximum pool size: undefined/unknown
2026-04-28 00:51:36 - HHH000489: No JTA platform available (set 'hibernate.transaction.jta.platform' to enable JTA platform integration)
2026-04-28 00:51:36 - Initialized JPA EntityManagerFactory for persistence unit 'default'
2026-04-28 00:51:36 - spring.jpa.open-in-view is enabled by default. Therefore, database queries may be performed during view rendering. Explicitly configure spring.jpa.open-in-view to disable this warning
2026-04-28 00:51:36 - Tomcat started on port 8081 (http) with context path '/'
2026-04-28 00:51:36 - Started ReviewsApplication in 0.512 seconds (process running for 740.663)
2026-04-28 00:51:36 - Condition evaluation unchanged
2026-04-28 00:53:11 - Restarting due to 6 class path changes (6 additions, 0 deletions, 0 modifications)
2026-04-28 00:53:11 - Commencing graceful shutdown. Waiting for active requests to complete
2026-04-28 00:53:11 - Graceful shutdown complete
2026-04-28 00:53:11 - Closing JPA EntityManagerFactory for persistence unit 'default'
2026-04-28 00:53:11 - HikariPool-3 - Shutdown initiated...
2026-04-28 00:53:11 - HikariPool-3 - Shutdown completed.
2026-04-28 00:53:11 - Starting ReviewsApplication using Java 25.0.2 with PID 191208 (C:\Users\orlan\Documents\GitHub\proyecto-aplicacion-reserva-hotelera\backend-springboot-aplicacion-web-reserva-hotelera\reviews\target\classes started by orlan in C:\Users\orlan\Documents\GitHub\proyecto-aplicacion-reserva-hotelera\backend-springboot-aplicacion-web-reserva-hotelera\reviews)
2026-04-28 00:53:11 - No active profile set, falling back to 1 default profile: "default"
2026-04-28 00:53:11 - Bootstrapping Spring Data JPA repositories in DEFAULT mode.
2026-04-28 00:53:11 - Finished Spring Data repository scanning in 15 ms. Found 1 JPA repository interface.
2026-04-28 00:53:11 - Tomcat initialized with port 8081 (http)
2026-04-28 00:53:11 - Starting service [Tomcat]
2026-04-28 00:53:11 - Starting Servlet engine: [Apache Tomcat/11.0.21]
2026-04-28 00:53:11 - Root WebApplicationContext: initialization completed in 124 ms
2026-04-28 00:53:11 - HHH008540: Processing PersistenceUnitInfo [name: default]
2026-04-28 00:53:11 - No LoadTimeWeaver setup: ignoring JPA class transformer
2026-04-28 00:53:11 - HikariPool-4 - Starting...
2026-04-28 00:53:11 - HikariPool-4 - Added connection com.mysql.cj.jdbc.ConnectionImpl@2afccec2
2026-04-28 00:53:11 - HikariPool-4 - Start completed.
2026-04-28 00:53:11 - HHH10001005: Database info:
	Database JDBC URL [jdbc:mysql://localhost/db_hotelsbook?useSSL=false&useLegacyDatetimeCode=false&serverTimezone=UTC]
	Database driver: MySQL Connector/J
	Database dialect: MySQLDialect
	Database version: 9.5
	Default catalog/schema: db_hotelsbook/undefined
	Autocommit mode: undefined/unknown
	Isolation level: REPEATABLE_READ [default REPEATABLE_READ]
	JDBC fetch size: none
	Pool: DataSourceConnectionProvider
	Minimum pool size: undefined/unknown
	Maximum pool size: undefined/unknown
2026-04-28 00:53:11 - HHH000182: No default (no-argument) constructor for class [com.hotelsbook.reviews.entity.ReviewEntity] (class must be instantiated by Interceptor)
2026-04-28 00:53:11 - HHH000489: No JTA platform available (set 'hibernate.transaction.jta.platform' to enable JTA platform integration)
2026-04-28 00:53:11 - Initialized JPA EntityManagerFactory for persistence unit 'default'
2026-04-28 00:53:12 - Hibernate is in classpath; If applicable, HQL parser will be used.
2026-04-28 00:53:12 - spring.jpa.open-in-view is enabled by default. Therefore, database queries may be performed during view rendering. Explicitly configure spring.jpa.open-in-view to disable this warning
2026-04-28 00:53:12 - Tomcat started on port 8081 (http) with context path '/'
2026-04-28 00:53:12 - Started ReviewsApplication in 0.541 seconds (process running for 836.614)
2026-04-28 00:53:12 - Condition evaluation unchanged
2026-04-28 01:00:09 - Initializing Spring DispatcherServlet 'dispatcherServlet'
2026-04-28 01:00:09 - Initializing Servlet 'dispatcherServlet'
2026-04-28 01:00:09 - Completed initialization in 0 ms
2026-04-28 01:26:34 - 1,2,3
2026-04-28 01:29:06 - 1,2,3
2026-04-28 01:29:46 - Commencing graceful shutdown. Waiting for active requests to complete
2026-04-28 01:29:46 - Graceful shutdown complete
2026-04-28 01:29:46 - Closing JPA EntityManagerFactory for persistence unit 'default'
2026-04-28 01:29:46 - HikariPool-4 - Shutdown initiated...
2026-04-28 01:29:46 - HikariPool-4 - Shutdown completed.
2026-04-28 01:29:51 - Starting ReviewsApplication using Java 25.0.2 with PID 201128 (C:\Users\orlan\Documents\GitHub\proyecto-aplicacion-reserva-hotelera\backend-springboot-aplicacion-web-reserva-hotelera\reviews\target\classes started by orlan in C:\Users\orlan\Documents\GitHub\proyecto-aplicacion-reserva-hotelera\backend-springboot-aplicacion-web-reserva-hotelera\reviews)
2026-04-28 01:29:51 - No active profile set, falling back to 1 default profile: "default"
2026-04-28 01:29:51 - Devtools property defaults active! Set 'spring.devtools.add-properties' to 'false' to disable
2026-04-28 01:29:51 - For additional web related logging consider setting the 'logging.level.web' property to 'DEBUG'
2026-04-28 01:29:52 - Bootstrapping Spring Data JPA repositories in DEFAULT mode.
2026-04-28 01:29:52 - Finished Spring Data repository scanning in 21 ms. Found 1 JPA repository interface.
2026-04-28 01:29:52 - Tomcat initialized with port 8081 (http)
2026-04-28 01:29:52 - Initializing ProtocolHandler ["http-nio-8081"]
2026-04-28 01:29:52 - Starting service [Tomcat]
2026-04-28 01:29:52 - Starting Servlet engine: [Apache Tomcat/11.0.21]
2026-04-28 01:29:52 - Root WebApplicationContext: initialization completed in 565 ms
2026-04-28 01:29:52 - HHH008540: Processing PersistenceUnitInfo [name: default]
2026-04-28 01:29:52 - HHH000001: Hibernate ORM core version 7.2.12.Final
2026-04-28 01:29:52 - No LoadTimeWeaver setup: ignoring JPA class transformer
2026-04-28 01:29:52 - HikariPool-1 - Starting...
2026-04-28 01:29:52 - HikariPool-1 - Added connection com.mysql.cj.jdbc.ConnectionImpl@39c704d6
2026-04-28 01:29:52 - HikariPool-1 - Start completed.
2026-04-28 01:29:52 - HHH10001005: Database info:
	Database JDBC URL [jdbc:mysql://localhost/db_hotelsbook?useSSL=false&useLegacyDatetimeCode=false&serverTimezone=UTC]
	Database driver: MySQL Connector/J
	Database dialect: MySQLDialect
	Database version: 9.5
	Default catalog/schema: db_hotelsbook/undefined
	Autocommit mode: undefined/unknown
	Isolation level: REPEATABLE_READ [default REPEATABLE_READ]
	JDBC fetch size: none
	Pool: DataSourceConnectionProvider
	Minimum pool size: undefined/unknown
	Maximum pool size: undefined/unknown
2026-04-28 01:29:52 - HHH000182: No default (no-argument) constructor for class [com.hotelsbook.reviews.entity.ReviewEntity] (class must be instantiated by Interceptor)
2026-04-28 01:29:53 - HHH000489: No JTA platform available (set 'hibernate.transaction.jta.platform' to enable JTA platform integration)
2026-04-28 01:29:53 - Initialized JPA EntityManagerFactory for persistence unit 'default'
2026-04-28 01:29:53 - Hibernate is in classpath; If applicable, HQL parser will be used.
2026-04-28 01:29:53 - spring.jpa.open-in-view is enabled by default. Therefore, database queries may be performed during view rendering. Explicitly configure spring.jpa.open-in-view to disable this warning
2026-04-28 01:29:53 - Starting ProtocolHandler ["http-nio-8081"]
2026-04-28 01:29:53 - Tomcat started on port 8081 (http) with context path '/'
2026-04-28 01:29:53 - Started ReviewsApplication in 1.963 seconds (process running for 2.274)
2026-04-28 01:51:46 - Commencing graceful shutdown. Waiting for active requests to complete
2026-04-28 01:51:46 - Graceful shutdown complete
2026-04-28 01:51:46 - Closing JPA EntityManagerFactory for persistence unit 'default'
2026-04-28 01:51:46 - HikariPool-1 - Shutdown initiated...
2026-04-28 01:51:46 - HikariPool-1 - Shutdown completed.
